*** Using Compiler 'V5.06 update 7 (build 960)', folder: 'D:\Keilv5\Keilv5_core\ARM\Compiler_5.06u7\Bin'
Build target 'Target 1'
Note: source file '..\user\infantry\tasks.c' - object file renamed from '.\Objects\tasks.o' to '.\Objects\tasks_1.o'.compiling delay.c...
"no source": Error: command-line:  #564: cannot open embedded assembler output file "C:\Users\梅靖琪\AppData\Local\Temp\p50d0-2": No such file or directory
..\library\atom\delay\delay.c: 0 warnings, 1 error
compiling stm32f4xx_adc.c...
"no source": Error: command-line:  #564: cannot open embedded assembler output file "C:\Users\梅靖琪\AppData\Local\Temp\p2b14-2": No such file or directory
..\library\std\src\stm32f4xx_adc.c: 0 warnings, 1 error
compiling stm32f4xx_dma2d.c...
"no source": Error: command-line:  #564: cannot open embedded assembler output file "C:\Users\梅靖琪\AppData\Local\Temp\p810-2": No such file or directory
..\library\std\src\stm32f4xx_dma2d.c: 0 warnings, 1 error
compiling mpu6500_i2c.c...
"no source": Error: command-line:  #564: cannot open embedded assembler output file "C:\Users\梅靖琪\AppData\Local\Temp\p48d4-2": No such file or directory
..\library\mpu6500\mpu6500_i2c.c: 0 warnings, 1 error
compiling port.c...
"no source": Error: command-line:  #564: cannot open embedded assembler output file "C:\Users\梅靖琪\AppData\Local\Temp\p2c44-2": No such file or directory
..\library\freertos\portable\RVDS\ARM_CM4F\port.c: 0 warnings, 1 error
compiling usart.c...
"no source": Error: command-line:  #564: cannot open embedded assembler output file "C:\Users\梅靖琪\AppData\Local\Temp\p3888-2": No such file or directory
..\library\atom\usart\usart.c: 0 warnings, 1 error
compiling stm32f4xx_can.c...
"no source": Error: command-line:  #564: cannot open embedded assembler output file "C:\Users\梅靖琪\AppData\Local\Temp\p3420-2": No such file or directory
..\library\std\src\stm32f4xx_can.c: 0 warnings, 1 error
compiling key.c...
"no source": Error: command-line:  #564: cannot open embedded assembler output file "C:\Users\梅靖琪\AppData\Local\Temp\p5508-2": No such file or directory
..\library\atom\debug\key.c: 0 warnings, 1 error
compiling stm32f4xx_tim.c...
"no source": Error: command-line:  #564: cannot open embedded assembler output file "C:\Users\梅靖琪\AppData\Local\Temp\p3200-2": No such file or directory
..\library\std\src\stm32f4xx_tim.c: 0 warnings, 1 error
compiling stm32f4xx_dma.c...
"no source": Error: command-line:  #564: cannot open embedded assembler output file "C:\Users\梅靖琪\AppData\Local\Temp\p23c8-2": No such file or directory
..\library\std\src\stm32f4xx_dma.c: 0 warnings, 1 error
compiling stm32f4xx_spi.c...
"no source": Error: command-line:  #564: cannot open embedded assembler output file "C:\Users\梅靖琪\AppData\Local\Temp\p4b6c-2": No such file or directory
..\library\std\src\stm32f4xx_spi.c: 0 warnings, 1 error
compiling mpu6500_driver.c...
"no source": Error: command-line:  #564: cannot open embedded assembler output file "C:\Users\梅靖琪\AppData\Local\Temp\p2a54-2": No such file or directory
..\library\mpu6500\mpu6500_driver.c: 0 warnings, 1 error
compiling stm32f4xx_usart.c...
"no source": Error: command-line:  #564: cannot open embedded assembler output file "C:\Users\梅靖琪\AppData\Local\Temp\p790-2": No such file or directory
..\library\std\src\stm32f4xx_usart.c: 0 warnings, 1 error
compiling stm32f4xx_gpio.c...
"no source": Error: command-line:  #564: cannot open embedded assembler output file "C:\Users\梅靖琪\AppData\Local\Temp\p2c80-2": No such file or directory
..\library\std\src\stm32f4xx_gpio.c: 0 warnings, 1 error
compiling stm32f4xx_flash.c...
"no source": Error: command-line:  #564: cannot open embedded assembler output file "C:\Users\梅靖琪\AppData\Local\Temp\pabc-2": No such file or directory
..\library\std\src\stm32f4xx_flash.c: 0 warnings, 1 error
compiling stm32f4xx_syscfg.c...
"no source": Error: command-line:  #564: cannot open embedded assembler output file "C:\Users\梅靖琪\AppData\Local\Temp\pdf0-2": No such file or directory
..\library\std\src\stm32f4xx_syscfg.c: 0 warnings, 1 error
compiling beep.c...
"no source": Error: command-line:  #564: cannot open embedded assembler output file "C:\Users\梅靖琪\AppData\Local\Temp\p5ffc-2": No such file or directory
..\library\atom\debug\beep.c: 0 warnings, 1 error
compiling Driver_DBUS.c...
"no source": Error: command-line:  #564: cannot open embedded assembler output file "C:\Users\梅靖琪\AppData\Local\Temp\p46a4-2": No such file or directory
..\driver\src\Driver_DBUS.c: 0 warnings, 1 error
compiling stm32f4xx_exti.c...
"no source": Error: command-line:  #564: cannot open embedded assembler output file "C:\Users\梅靖琪\AppData\Local\Temp\p2de4-2": No such file or directory
..\library\std\src\stm32f4xx_exti.c: 0 warnings, 1 error
compiling misc.c...
"no source": Error: command-line:  #564: cannot open embedded assembler output file "C:\Users\梅靖琪\AppData\Local\Temp\p50e8-2": No such file or directory
..\library\std\src\misc.c: 0 warnings, 1 error
compiling led.c...
"no source": Error: command-line:  #564: cannot open embedded assembler output file "C:\Users\梅靖琪\AppData\Local\Temp\p3988-2": No such file or directory
..\library\atom\debug\led.c: 0 warnings, 1 error
compiling sys.c...
"no source": Error: command-line:  #564: cannot open embedded assembler output file "C:\Users\梅靖琪\AppData\Local\Temp\p34c8-2": No such file or directory
..\library\atom\sys\sys.c: 0 warnings, 1 error
compiling stm32f4xx_rcc.c...
"no source": Error: command-line:  #564: cannot open embedded assembler output file "C:\Users\梅靖琪\AppData\Local\Temp\p3158-2": No such file or directory
..\library\std\src\stm32f4xx_rcc.c: 0 warnings, 1 error
compiling stm32f4xx_wwdg.c...
"no source": Error: command-line:  #564: cannot open embedded assembler output file "C:\Users\梅靖琪\AppData\Local\Temp\p4ff8-2": No such file or directory
..\library\std\src\stm32f4xx_wwdg.c: 0 warnings, 1 error
compiling Driver_CAN.c...
"no source": Error: command-line:  #564: cannot open embedded assembler output file "C:\Users\梅靖琪\AppData\Local\Temp\p279c-2": No such file or directory
..\driver\src\Driver_CAN.c: 0 warnings, 1 error
compiling Driver_Motor.c...
"no source": Error: command-line:  #564: cannot open embedded assembler output file "C:\Users\梅靖琪\AppData\Local\Temp\p4b2c-2": No such file or directory
..\driver\src\Driver_Motor.c: 0 warnings, 1 error
compiling Driver_Filter.c...
"no source": Error: command-line:  #564: cannot open embedded assembler output file "C:\Users\梅靖琪\AppData\Local\Temp\p5f80-2": No such file or directory
..\driver\src\Driver_Filter.c: 0 warnings, 1 error
compiling Driver_Magic.c...
"no source": Error: command-line:  #564: cannot open embedded assembler output file "C:\Users\梅靖琪\AppData\Local\Temp\p27d4-2": No such file or directory
..\driver\src\Driver_Magic.c: 0 warnings, 1 error
compiling Driver_Gyroscope.c...
"no source": Error: command-line:  #564: cannot open embedded assembler output file "C:\Users\梅靖琪\AppData\Local\Temp\p3b1c-2": No such file or directory
..\driver\src\Driver_Gyroscope.c: 0 warnings, 1 error
compiling Driver_Chassis.c...
"no source": Error: command-line:  #564: cannot open embedded assembler output file "C:\Users\梅靖琪\AppData\Local\Temp\p3d34-2": No such file or directory
..\driver\src\Driver_Chassis.c: 0 warnings, 1 error
compiling Driver_Fsm.c...
"no source": Error: command-line:  #564: cannot open embedded assembler output file "C:\Users\梅靖琪\AppData\Local\Temp\p3608-2": No such file or directory
..\driver\src\Driver_Fsm.c: 0 warnings, 1 error
compiling Driver_Protocol.c...
"no source": Error: command-line:  #564: cannot open embedded assembler output file "C:\Users\梅靖琪\AppData\Local\Temp\p2e0c-2": No such file or directory
..\driver\src\Driver_Protocol.c: 0 warnings, 1 error
compiling Driver_BSP.c...
"no source": Error: command-line:  #564: cannot open embedded assembler output file "C:\Users\梅靖琪\AppData\Local\Temp\p2984-2": No such file or directory
..\driver\src\Driver_BSP.c: 0 warnings, 1 error
compiling Driver_Bridge.c...
"no source": Error: command-line:  #564: cannot open embedded assembler output file "C:\Users\梅靖琪\AppData\Local\Temp\p4a88-2": No such file or directory
..\driver\src\Driver_Bridge.c: 0 warnings, 1 error
compiling Driver_UI.c...
"no source": Error: command-line:  #564: cannot open embedded assembler output file "C:\Users\梅靖琪\AppData\Local\Temp\p48e0-2": No such file or directory
..\driver\src\Driver_UI.c: 0 warnings, 1 error
compiling system_stm32f4xx.c...
"no source": Error: command-line:  #564: cannot open embedded assembler output file "C:\Users\梅靖琪\AppData\Local\Temp\p1970-2": No such file or directory
..\user\common\system_stm32f4xx.c: 0 warnings, 1 error
compiling interrupt.c...
"no source": Error: command-line:  #564: cannot open embedded assembler output file "C:\Users\梅靖琪\AppData\Local\Temp\p27b8-2": No such file or directory
..\user\infantry\interrupt.c: 0 warnings, 1 error
compiling main.c...
"no source": Error: command-line:  #564: cannot open embedded assembler output file "C:\Users\梅靖琪\AppData\Local\Temp\p1838-2": No such file or directory
..\user\infantry\main.c: 0 warnings, 1 error
compiling tasks.c...
"no source": Error: command-line:  #564: cannot open embedded assembler output file "C:\Users\梅靖琪\AppData\Local\Temp\p2964-2": No such file or directory
..\user\infantry\tasks.c: 0 warnings, 1 error
".\Objects\Belief exp2.axf" - 39 Error(s), 0 Warning(s).
Target not created.
Build Time Elapsed:  00:00:01
